# JRE version: Java(TM) SE Runtime Environment (8.0_11-b12) (build 1.8.0_11-b12)
# Java VM: Java HotSpot(TM) 64-Bit Server VM (25.11-b03 mixed mode windows-amd64 compressed oops)
Heap:
 PSYoungGen      total 8192K, used 1820K [0x00000000d6400000, 0x00000000d7280000, 0x0000000100000000)
  eden space 6656K, 4% used [0x00000000d6400000,0x00000000d644cd40,0x00000000d6a80000)
  from space 1536K, 98% used [0x00000000d6a80000,0x00000000d6bfa5a0,0x00000000d6c00000)
  to   space 2048K, 0% used [0x00000000d7080000,0x00000000d7080000,0x00000000d7280000)
 ParOldGen       total 127488K, used 3611K [0x0000000082c00000, 0x000000008a880000, 0x00000000d6400000)
  object space 127488K, 2% used [0x0000000082c00000,0x0000000082f86ca0,0x000000008a880000)
 Metaspace       used 9419K, capacity 9572K, committed 9728K, reserved 1058816K
  class space    used 1146K, capacity 1210K, committed 1280K, reserved 1048576K
GC Heap History (10 events):
Event: 0.436 GC heap before
{Heap before GC invocations=7 (full 0):
 PSYoungGen      total 3584K, used 2834K [0x00000000d6400000, 0x00000000d6900000, 0x0000000100000000)
  eden space 2048K, 99% used [0x00000000d6400000,0x00000000d65ffcb8,0x00000000d6600000)
  from space 1536K, 51% used [0x00000000d6780000,0x00000000d6844c20,0x00000000d6900000)
  to   space 1536K, 0% used [0x00000000d6600000,0x00000000d6600000,0x00000000d6780000)
 ParOldGen       total 127488K, used 1068K [0x0000000082c00000, 0x000000008a880000, 0x00000000d6400000)
  object space 127488K, 0% used [0x0000000082c00000,0x0000000082d0b070,0x000000008a880000)
 Metaspace       used 8583K, capacity 8766K, committed 8832K, reserved 1056768K
  class space    used 1051K, capacity 1113K, committed 1152K, reserved 1048576K
Event: 0.439 GC heap after
Heap after GC invocations=7 (full 0):
 PSYoungGen      total 3584K, used 963K [0x00000000d6400000, 0x00000000d6b00000, 0x0000000100000000)
  eden space 2048K, 0% used [0x00000000d6400000,0x00000000d6400000,0x00000000d6600000)
  from space 1536K, 62% used [0x00000000d6600000,0x00000000d66f0c10,0x00000000d6780000)
  to   space 1536K, 0% used [0x00000000d6980000,0x00000000d6980000,0x00000000d6b00000)
 ParOldGen       total 127488K, used 1248K [0x0000000082c00000, 0x000000008a880000, 0x00000000d6400000)
  object space 127488K, 0% used [0x0000000082c00000,0x0000000082d38080,0x000000008a880000)
 Metaspace       used 8583K, capacity 8766K, committed 8832K, reserved 1056768K
  class space    used 1051K, capacity 1113K, committed 1152K, reserved 1048576K
}
Event: 0.479 GC heap before
{Heap before GC invocations=8 (full 0):
 PSYoungGen      total 3584K, used 3011K [0x00000000d6400000, 0x00000000d6b00000, 0x0000000100000000)
  eden space 2048K, 100% used [0x00000000d6400000,0x00000000d6600000,0x00000000d6600000)
  from space 1536K, 62% used [0x00000000d6600000,0x00000000d66f0c10,0x00000000d6780000)
  to   space 1536K, 0% used [0x00000000d6980000,0x00000000d6980000,0x00000000d6b00000)
 ParOldGen       total 127488K, used 1248K [0x0000000082c00000, 0x000000008a880000, 0x00000000d6400000)
  object space 127488K, 0% used [0x0000000082c00000,0x0000000082d38080,0x000000008a880000)
 Metaspace       used 8604K, capacity 8766K, committed 8832K, reserved 1056768K
  class space    used 1051K, capacity 1113K, committed 1152K, reserved 1048576K
Event: 0.481 GC heap after
Heap after GC invocations=8 (full 0):
 PSYoungGen      total 5632K, used 1283K [0x00000000d6400000, 0x00000000d6b00000, 0x0000000100000000)
  eden space 4096K, 0% used [0x00000000d6400000,0x00000000d6400000,0x00000000d6800000)
  from space 1536K, 83% used [0x00000000d6980000,0x00000000d6ac0c10,0x00000000d6b00000)
  to   space 1536K, 0% used [0x00000000d6800000,0x00000000d6800000,0x00000000d6980000)
 ParOldGen       total 127488K, used 1332K [0x0000000082c00000, 0x000000008a880000, 0x00000000d6400000)
  object space 127488K, 1% used [0x0000000082c00000,0x0000000082d4d3b8,0x000000008a880000)
 Metaspace       used 8604K, capacity 8766K, committed 8832K, reserved 1056768K
  class space    used 1051K, capacity 1113K, committed 1152K, reserved 1048576K
}
Event: 0.528 GC heap before
{Heap before GC invocations=9 (full 0):
 PSYoungGen      total 5632K, used 5379K [0x00000000d6400000, 0x00000000d6b00000, 0x0000000100000000)
  eden space 4096K, 100% used [0x00000000d6400000,0x00000000d6800000,0x00000000d6800000)
  from space 1536K, 83% used [0x00000000d6980000,0x00000000d6ac0c10,0x00000000d6b00000)
  to   space 1536K, 0% used [0x00000000d6800000,0x00000000d6800000,0x00000000d6980000)
 ParOldGen       total 127488K, used 1332K [0x0000000082c00000, 0x000000008a880000, 0x00000000d6400000)
  object space 127488K, 1% used [0x0000000082c00000,0x0000000082d4d3b8,0x000000008a880000)
 Metaspace       used 8631K, capacity 8830K, committed 9088K, reserved 1056768K
  class space    used 1053K, capacity 1113K, committed 1152K, reserved 1048576K
Event: 0.531 GC heap after
Heap after GC invocations=9 (full 0):
 PSYoungGen      total 5632K, used 1168K [0x00000000d6400000, 0x00000000d6d80000, 0x0000000100000000)
  eden space 4096K, 0% used [0x00000000d6400000,0x00000000d6400000,0x00000000d6800000)
  from space 1536K, 76% used [0x00000000d6800000,0x00000000d6924010,0x00000000d6980000)
  to   space 1536K, 0% used [0x00000000d6c00000,0x00000000d6c00000,0x00000000d6d80000)
 ParOldGen       total 127488K, used 1819K [0x0000000082c00000, 0x000000008a880000, 0x00000000d6400000)
  object space 127488K, 1% used [0x0000000082c00000,0x0000000082dc6fd8,0x000000008a880000)
 Metaspace       used 8631K, capacity 8830K, committed 9088K, reserved 1056768K
  class space    used 1053K, capacity 1113K, committed 1152K, reserved 1048576K
}
Event: 3.141 GC heap before
{Heap before GC invocations=10 (full 0):
 PSYoungGen      total 5632K, used 5232K [0x00000000d6400000, 0x00000000d6d80000, 0x0000000100000000)
  eden space 4096K, 99% used [0x00000000d6400000,0x00000000d67f8388,0x00000000d6800000)
  from space 1536K, 76% used [0x00000000d6800000,0x00000000d6924010,0x00000000d6980000)
  to   space 1536K, 0% used [0x00000000d6c00000,0x00000000d6c00000,0x00000000d6d80000)
 ParOldGen       total 127488K, used 1819K [0x0000000082c00000, 0x000000008a880000, 0x00000000d6400000)
  object space 127488K, 1% used [0x0000000082c00000,0x0000000082dc6fd8,0x000000008a880000)
 Metaspace       used 9198K, capacity 9374K, committed 9472K, reserved 1056768K
  class space    used 1137K, capacity 1209K, committed 1280K, reserved 1048576K
Event: 3.143 GC heap after
Heap after GC invocations=10 (full 0):
 PSYoungGen      total 8192K, used 736K [0x00000000d6400000, 0x00000000d6d80000, 0x0000000100000000)
  eden space 6656K, 0% used [0x00000000d6400000,0x00000000d6400000,0x00000000d6a80000)
  from space 1536K, 47% used [0x00000000d6c00000,0x00000000d6cb8010,0x00000000d6d80000)
  to   space 1536K, 0% used [0x00000000d6a80000,0x00000000d6a80000,0x00000000d6c00000)
 ParOldGen       total 127488K, used 2567K [0x0000000082c00000, 0x000000008a880000, 0x00000000d6400000)
  object space 127488K, 2% used [0x0000000082c00000,0x0000000082e81fe8,0x000000008a880000)
 Metaspace       used 9198K, capacity 9374K, committed 9472K, reserved 1056768K
  class space    used 1137K, capacity 1209K, committed 1280K, reserved 1048576K
}
Event: 7.298 GC heap before
{Heap before GC invocations=11 (full 0):
 PSYoungGen      total 8192K, used 7340K [0x00000000d6400000, 0x00000000d6d80000, 0x0000000100000000)
  eden space 6656K, 99% used [0x00000000d6400000,0x00000000d6a73370,0x00000000d6a80000)
  from space 1536K, 47% used [0x00000000d6c00000,0x00000000d6cb8010,0x00000000d6d80000)
  to   space 1536K, 0% used [0x00000000d6a80000,0x00000000d6a80000,0x00000000d6c00000)
 ParOldGen       total 127488K, used 2567K [0x0000000082c00000, 0x000000008a880000, 0x00000000d6400000)
  object space 127488K, 2% used [0x0000000082c00000,0x0000000082e81fe8,0x000000008a880000)
 Metaspace       used 9412K, capacity 9572K, committed 9728K, reserved 1058816K
  class space    used 1145K, capacity 1210K, committed 1280K, reserved 1048576K
Event: 7.301 GC heap after
Heap after GC invocations=11 (full 0):
 PSYoungGen      total 8192K, used 1513K [0x00000000d6400000, 0x00000000d7280000, 0x0000000100000000)
  eden space 6656K, 0% used [0x00000000d6400000,0x00000000d6400000,0x00000000d6a80000)
  from space 1536K, 98% used [0x00000000d6a80000,0x00000000d6bfa5a0,0x00000000d6c00000)
  to   space 2048K, 0% used [0x00000000d7080000,0x00000000d7080000,0x00000000d7280000)
 ParOldGen       total 127488K, used 3611K [0x0000000082c00000, 0x000000008a880000, 0x00000000d6400000)
  object space 127488K, 2% used [0x0000000082c00000,0x0000000082f86ca0,0x000000008a880000)
 Metaspace       used 9412K, capacity 9572K, committed 9728K, reserved 1058816K
  class space    used 1145K, capacity 1210K, committed 1280K, reserved 1048576K
}

